<?xml version="1.0" encoding="UTF-8"?>
<testsuite xmlns:xsi="http://www.w3.org/2001/XMLSchema-instance" xsi:noNamespaceSchemaLocation="https://maven.apache.org/surefire/maven-surefire-plugin/xsd/surefire-test-report-3.0.xsd" version="3.0" name="com.dxc.basket.persistence.repositories.tests.JpaBasketRepositoryTest" time="1.93" tests="1" errors="0" skipped="0" failures="0">
  <properties>
[...]
</properties>
  <testcase name="badTestForRepository" classname="com.dxc.basket.persistence.repositories.tests.JpaBasketRepositoryTest" time="1.918">
    <system-out><![CDATA[in setup
Hibernate: 
    
    drop table if exists JpaAddress CASCADE 
Hibernate: 
    
    drop table if exists JpaCustomer CASCADE 
Hibernate: 
    
    drop table if exists JpaCustomer_JpaAddress CASCADE 
Hibernate: 
    
    drop table if exists JpaItem CASCADE 
Hibernate: 
    
    drop table if exists JpaOrder CASCADE 
Hibernate: 
    
    drop table if exists JpaOrderItem CASCADE 
Hibernate: 
    
    drop table if exists JpaSeller CASCADE 
Hibernate: 
    
    drop table if exists JpaSellerItem CASCADE 
Hibernate: 
    
    create table JpaAddress (
       street varchar(255) not null,
        postalCode varchar(255) not null,
        country integer not null,
        city varchar(255) not null,
        primary key (street, postalCode, country, city)
    )
Hibernate: 
    
    create table JpaCustomer (
       email varchar(255) not null,
        password varchar(255),
        username varchar(255),
        name varchar(255),
        primary key (email)
    )
Hibernate: 
    
    create table JpaCustomer_JpaAddress (
       JpaCustomer_email varchar(255) not null,
        addresses_street varchar(255) not null,
        addresses_postalCode varchar(255) not null,
        addresses_country integer not null,
        addresses_city varchar(255) not null,
        primary key (JpaCustomer_email, addresses_street, addresses_postalCode, addresses_country, addresses_city)
    )
Hibernate: 
    
    create table JpaItem (
       serial varchar(255) not null,
        description varchar(255),
        primary key (serial)
    )
Hibernate: 
    
    create table JpaOrder (
       id varchar(255) not null,
        customer_email varchar(255),
        primary key (id)
    )
Hibernate: 
    
    create table JpaOrderItem (
       orderId varchar(255) not null,
        orderedQuantity integer not null,
        sellerItem_itemSerial varchar(255) not null,
        sellerItem_sellerEmail varchar(255) not null,
        primary key (orderId, sellerItem_itemSerial, sellerItem_sellerEmail)
    )
Hibernate: 
    
    create table JpaSeller (
       email varchar(255) not null,
        password varchar(255),
        username varchar(255),
        name varchar(255),
        address_street varchar(255),
        address_postalCode varchar(255),
        address_country integer,
        address_city varchar(255),
        primary key (email)
    )
Hibernate: 
    
    create table JpaSellerItem (
       itemSerial varchar(255) not null,
        sellerEmail varchar(255) not null,
        availableQuantity integer not null,
        sellerPrice double not null,
        primary key (itemSerial, sellerEmail)
    )
Hibernate: 
    
    alter table JpaCustomer_JpaAddress 
       add constraint FKofdt3msnrf2fio3wri0y6b6as 
       foreign key (addresses_street, addresses_postalCode, addresses_country, addresses_city) 
       references JpaAddress
Hibernate: 
    
    alter table JpaCustomer_JpaAddress 
       add constraint FK5n7fea4souki78dome04bp2l2 
       foreign key (JpaCustomer_email) 
       references JpaCustomer
Hibernate: 
    
    alter table JpaOrder 
       add constraint FKliaggmb1bj6oy44ssyi1u30st 
       foreign key (customer_email) 
       references JpaCustomer
Hibernate: 
    
    alter table JpaOrderItem 
       add constraint FK27donm6wbixdale4c6sl3hm6j 
       foreign key (orderId) 
       references JpaOrder
Hibernate: 
    
    alter table JpaOrderItem 
       add constraint FKf1cfclw5h7u3buksjnblkwff 
       foreign key (sellerItem_itemSerial, sellerItem_sellerEmail) 
       references JpaSellerItem
Hibernate: 
    
    alter table JpaSeller 
       add constraint FK2ao1skv3dc3w8y6glsuv7r31j 
       foreign key (address_street, address_postalCode, address_country, address_city) 
       references JpaAddress
Hibernate: 
    
    alter table JpaSellerItem 
       add constraint FKonpofdbotm1k8j4cb3ffqkt14 
       foreign key (itemSerial) 
       references JpaItem
Hibernate: 
    
    alter table JpaSellerItem 
       add constraint FK6fyhkki242pscsflmvgb3mqq 
       foreign key (sellerEmail) 
       references JpaSeller
Hibernate: 
    /* insert com.dxc.basket.persistence.entities.jpa.JpaCustomer
        */ insert 
        into
            JpaCustomer
            (password, username, name, email) 
        values
            (?, ?, ?, ?)
Hibernate: 
    /* insert com.dxc.basket.persistence.entities.jpa.JpaCustomer
        */ insert 
        into
            JpaCustomer
            (password, username, name, email) 
        values
            (?, ?, ?, ?)
Hibernate: 
    /* insert com.dxc.basket.persistence.entities.jpa.JpaAddress
        */ insert 
        into
            JpaAddress
            (street, postalCode, country, city) 
        values
            (?, ?, ?, ?)
Hibernate: 
    /* insert com.dxc.basket.persistence.entities.jpa.JpaAddress
        */ insert 
        into
            JpaAddress
            (street, postalCode, country, city) 
        values
            (?, ?, ?, ?)
Hibernate: 
    /* insert com.dxc.basket.persistence.entities.jpa.JpaAddress
        */ insert 
        into
            JpaAddress
            (street, postalCode, country, city) 
        values
            (?, ?, ?, ?)
Hibernate: 
    /* insert com.dxc.basket.persistence.entities.jpa.JpaSeller
        */ insert 
        into
            JpaSeller
            (address_street, address_postalCode, address_country, address_city, password, username, name, email) 
        values
            (?, ?, ?, ?, ?, ?, ?, ?)
Hibernate: 
    /* insert com.dxc.basket.persistence.entities.jpa.JpaAddress
        */ insert 
        into
            JpaAddress
            (street, postalCode, country, city) 
        values
            (?, ?, ?, ?)
Hibernate: 
    /* insert com.dxc.basket.persistence.entities.jpa.JpaSeller
        */ insert 
        into
            JpaSeller
            (address_street, address_postalCode, address_country, address_city, password, username, name, email) 
        values
            (?, ?, ?, ?, ?, ?, ?, ?)
Hibernate: 
    /* insert com.dxc.basket.persistence.entities.jpa.JpaItem
        */ insert 
        into
            JpaItem
            (description, serial) 
        values
            (?, ?)
Hibernate: 
    /* insert com.dxc.basket.persistence.entities.jpa.JpaSellerItem
        */ insert 
        into
            JpaSellerItem
            (availableQuantity, sellerPrice, itemSerial, sellerEmail) 
        values
            (?, ?, ?, ?)
Hibernate: 
    /* insert com.dxc.basket.persistence.entities.jpa.JpaItem
        */ insert 
        into
            JpaItem
            (description, serial) 
        values
            (?, ?)
Hibernate: 
    /* insert com.dxc.basket.persistence.entities.jpa.JpaSellerItem
        */ insert 
        into
            JpaSellerItem
            (availableQuantity, sellerPrice, itemSerial, sellerEmail) 
        values
            (?, ?, ?, ?)
Hibernate: 
    /* insert com.dxc.basket.persistence.entities.jpa.JpaOrder
        */ insert 
        into
            JpaOrder
            (customer_email, id) 
        values
            (?, ?)
Hibernate: 
    /* insert com.dxc.basket.persistence.entities.jpa.JpaOrder
        */ insert 
        into
            JpaOrder
            (customer_email, id) 
        values
            (?, ?)
Hibernate: 
    /* insert com.dxc.basket.persistence.entities.jpa.JpaOrderItem
        */ insert 
        into
            JpaOrderItem
            (orderedQuantity, orderId, sellerItem_itemSerial, sellerItem_sellerEmail) 
        values
            (?, ?, ?, ?)
Hibernate: 
    /* insert com.dxc.basket.persistence.entities.jpa.JpaOrderItem
        */ insert 
        into
            JpaOrderItem
            (orderedQuantity, orderId, sellerItem_itemSerial, sellerItem_sellerEmail) 
        values
            (?, ?, ?, ?)
Hibernate: 
    /* insert com.dxc.basket.persistence.entities.jpa.JpaOrderItem
        */ insert 
        into
            JpaOrderItem
            (orderedQuantity, orderId, sellerItem_itemSerial, sellerItem_sellerEmail) 
        values
            (?, ?, ?, ?)
Hibernate: 
    /* insert collection
        row com.dxc.basket.persistence.entities.jpa.JpaCustomer.addresses */ insert 
        into
            JpaCustomer_JpaAddress
            (JpaCustomer_email, addresses_street, addresses_postalCode, addresses_country, addresses_city) 
        values
            (?, ?, ?, ?, ?)
Hibernate: 
    /* insert collection
        row com.dxc.basket.persistence.entities.jpa.JpaCustomer.addresses */ insert 
        into
            JpaCustomer_JpaAddress
            (JpaCustomer_email, addresses_street, addresses_postalCode, addresses_country, addresses_city) 
        values
            (?, ?, ?, ?, ?)
Hibernate: 
    /* ql.customers */ select
        jpacustome0_.email as email1_1_,
        jpacustome0_.password as password2_1_,
        jpacustome0_.username as username3_1_,
        jpacustome0_.name as name4_1_ 
    from
        JpaCustomer jpacustome0_
Hibernate: 
    /* ql.sellers */ select
        jpaseller0_.email as email1_6_,
        jpaseller0_.address_street as address_5_6_,
        jpaseller0_.address_postalCode as address_6_6_,
        jpaseller0_.address_country as address_7_6_,
        jpaseller0_.address_city as address_8_6_,
        jpaseller0_.password as password2_6_,
        jpaseller0_.username as username3_6_,
        jpaseller0_.name as name4_6_ 
    from
        JpaSeller jpaseller0_
Hibernate: 
    /* ql.orders.customer */ select
        distinct jpaorder0_.id as id1_4_,
        jpaorder0_.customer_email as customer2_4_ 
    from
        JpaOrder jpaorder0_ 
    where
        jpaorder0_.customer_email=?
1
2
Hibernate: 
    /* ql.orders.seller */ select
        distinct jpaorder0_.id as id1_4_,
        jpaorder0_.customer_email as customer2_4_ 
    from
        JpaOrder jpaorder0_ 
    inner join
        JpaOrderItem items1_ 
            on jpaorder0_.id=items1_.orderId cross 
    join
        JpaSellerItem jpaselleri2_ 
    where
        items1_.sellerItem_itemSerial=jpaselleri2_.itemSerial 
        and items1_.sellerItem_sellerEmail=jpaselleri2_.sellerEmail 
        and jpaselleri2_.sellerEmail=?
Hibernate: 
    /* ql.orders.customer.seller */ select
        distinct jpaorder0_.id as id1_4_,
        jpaorder0_.customer_email as customer2_4_ 
    from
        JpaOrder jpaorder0_ 
    inner join
        JpaOrderItem items1_ 
            on jpaorder0_.id=items1_.orderId cross 
    join
        JpaSellerItem jpaselleri2_ 
    where
        items1_.sellerItem_itemSerial=jpaselleri2_.itemSerial 
        and items1_.sellerItem_sellerEmail=jpaselleri2_.sellerEmail 
        and jpaorder0_.customer_email=? 
        and jpaselleri2_.sellerEmail=?
Hibernate: 
    /* ql.orders.customer.item */ select
        distinct jpaorder0_.id as id1_4_,
        jpaorder0_.customer_email as customer2_4_ 
    from
        JpaOrder jpaorder0_ 
    inner join
        JpaOrderItem items1_ 
            on jpaorder0_.id=items1_.orderId cross 
    join
        JpaSellerItem jpaselleri2_ 
    where
        items1_.sellerItem_itemSerial=jpaselleri2_.itemSerial 
        and items1_.sellerItem_sellerEmail=jpaselleri2_.sellerEmail 
        and jpaorder0_.customer_email=? 
        and jpaselleri2_.itemSerial=?
Hibernate: 
    /* ql.orders.seller.item */ select
        distinct jpaorder0_.id as id1_4_,
        jpaorder0_.customer_email as customer2_4_ 
    from
        JpaOrder jpaorder0_ 
    inner join
        JpaOrderItem items1_ 
            on jpaorder0_.id=items1_.orderId cross 
    join
        JpaSellerItem jpaselleri2_ 
    where
        items1_.sellerItem_itemSerial=jpaselleri2_.itemSerial 
        and items1_.sellerItem_sellerEmail=jpaselleri2_.sellerEmail 
        and jpaselleri2_.sellerEmail=? 
        and jpaselleri2_.itemSerial=?
]]></system-out>
    <system-err><![CDATA[Jul 06, 2023 9:03:32 AM org.hibernate.jpa.internal.util.LogHelper logPersistenceUnitInformation
INFO: HHH000204: Processing PersistenceUnitInfo [name: basket-jpa-hibernate]
Jul 06, 2023 9:03:33 AM org.hibernate.Version logVersion
INFO: HHH000412: Hibernate ORM core version 5.5.7.Final
Jul 06, 2023 9:03:33 AM org.hibernate.annotations.common.reflection.java.JavaReflectionManager <clinit>
INFO: HCANN000001: Hibernate Commons Annotations {5.1.2.Final}
Jul 06, 2023 9:03:33 AM org.hibernate.engine.jdbc.connections.internal.DriverManagerConnectionProviderImpl configure
WARN: HHH10001002: Using Hibernate built-in connection pool (not for production use!)
Jul 06, 2023 9:03:33 AM org.hibernate.engine.jdbc.connections.internal.DriverManagerConnectionProviderImpl buildCreator
INFO: HHH10001005: using driver [org.hsqldb.jdbcDriver] at URL [jdbc:hsqldb:mem:sample;shutdown=true]
Jul 06, 2023 9:03:33 AM org.hibernate.engine.jdbc.connections.internal.DriverManagerConnectionProviderImpl buildCreator
INFO: HHH10001001: Connection properties: {password=****, user=sa}
Jul 06, 2023 9:03:33 AM org.hibernate.engine.jdbc.connections.internal.DriverManagerConnectionProviderImpl buildCreator
INFO: HHH10001003: Autocommit mode: false
Jul 06, 2023 9:03:33 AM org.hibernate.engine.jdbc.connections.internal.DriverManagerConnectionProviderImpl$PooledConnections <init>
INFO: HHH000115: Hibernate connection pool size: 20 (min=1)
2023-07-06T09:03:34.119+0300  WARN  HHH000038: Composite-id class does not override equals(): com.dxc.basket.persistence.entities.jpa.JpaAddress
2023-07-06T09:03:34.119+0300  WARN  HHH000039: Composite-id class does not override hashCode(): com.dxc.basket.persistence.entities.jpa.JpaAddress
]]></system-err>
  </testcase>
</testsuite>